[2014-02-04 00:18:44] request.ERROR: Uncaught PHP Exception Symfony\Component\HttpKernel\Exception\NotFoundHttpException: "No route found for "GET /web/bundles/caravanenooneat/css/variables.less"" at /var/www/clients/client1/web3/app/cache/prod/classes.php line 3680 [] []
[2014-02-04 00:18:56] request.ERROR: Uncaught PHP Exception Symfony\Component\HttpKernel\Exception\NotFoundHttpException: "No route found for "GET /web/bundles/caravanenooneat/css/variables.less"" at /var/www/clients/client1/web3/app/cache/prod/classes.php line 3680 [] []
[2014-02-04 00:20:22] request.ERROR: Uncaught PHP Exception Symfony\Component\HttpKernel\Exception\NotFoundHttpException: "No route found for "GET /web/bundles/caravanenooneat/css/variables.less"" at /var/www/clients/client1/web3/app/cache/prod/classes.php line 3680 [] []
[2014-02-04 00:20:33] request.ERROR: Uncaught PHP Exception Symfony\Component\HttpKernel\Exception\NotFoundHttpException: "No route found for "GET /web/bundles/caravanenooneat/css/variables.less"" at /var/www/clients/client1/web3/app/cache/prod/classes.php line 3680 [] []
[2014-02-04 07:32:26] request.ERROR: Uncaught PHP Exception Symfony\Component\HttpKernel\Exception\NotFoundHttpException: "No route found for "GET /web/bundles/caravanenooneat/css/variables.less"" at /var/www/clients/client1/web3/app/cache/prod/classes.php line 3680 [] []
[2014-02-04 07:34:59] request.ERROR: Uncaught PHP Exception Symfony\Component\HttpKernel\Exception\NotFoundHttpException: "No route found for "GET /web/bundles/caravanenooneat/css/variables.less"" at /var/www/clients/client1/web3/app/cache/prod/classes.php line 3680 [] []
[2014-02-04 07:40:38] request.ERROR: Uncaught PHP Exception Symfony\Component\HttpKernel\Exception\NotFoundHttpException: "No route found for "GET /web/bundles/caravanenooneat/css/variables.less"" at /var/www/clients/client1/web3/app/cache/prod/classes.php line 3680 [] []
[2014-02-04 08:07:44] request.ERROR: Uncaught PHP Exception Symfony\Component\HttpKernel\Exception\NotFoundHttpException: "No route found for "GET /img/glyphicons-halflings.png"" at /var/www/clients/client1/web3/app/cache/prod/classes.php line 3680 [] []
[2014-02-04 08:16:05] request.ERROR: Uncaught PHP Exception Symfony\Component\HttpKernel\Exception\NotFoundHttpException: "No route found for "GET /img/glyphicons-halflings.png"" at /var/www/clients/client1/web3/app/cache/prod/classes.php line 3680 [] []
[2014-02-04 08:23:22] request.ERROR: Uncaught PHP Exception Symfony\Component\HttpKernel\Exception\NotFoundHttpException: "No route found for "GET /img/glyphicons-halflings.png"" at /var/www/clients/client1/web3/app/cache/prod/classes.php line 3680 [] []
[2014-02-04 08:23:40] request.ERROR: Uncaught PHP Exception Symfony\Component\HttpKernel\Exception\NotFoundHttpException: "No route found for "GET /img/glyphicons-halflings-white.png"" at /var/www/clients/client1/web3/app/cache/prod/classes.php line 3680 [] []
[2014-02-04 09:55:06] request.ERROR: Uncaught PHP Exception Symfony\Component\HttpKernel\Exception\NotFoundHttpException: "No route found for "GET /img/glyphicons-halflings.png"" at /var/www/clients/client1/web3/app/cache/prod/classes.php line 3680 [] []
[2014-02-04 09:55:09] request.ERROR: Uncaught PHP Exception Symfony\Component\HttpKernel\Exception\NotFoundHttpException: "No route found for "GET /img/glyphicons-halflings.png"" at /var/www/clients/client1/web3/app/cache/prod/classes.php line 3680 [] []
[2014-02-04 09:55:11] request.ERROR: Uncaught PHP Exception Symfony\Component\HttpKernel\Exception\NotFoundHttpException: "No route found for "GET /img/glyphicons-halflings.png"" at /var/www/clients/client1/web3/app/cache/prod/classes.php line 3680 [] []
[2014-02-04 09:55:18] request.ERROR: Uncaught PHP Exception Symfony\Component\HttpKernel\Exception\NotFoundHttpException: "No route found for "GET /img/glyphicons-halflings.png"" at /var/www/clients/client1/web3/app/cache/prod/classes.php line 3680 [] []
[2014-02-04 09:55:20] request.ERROR: Uncaught PHP Exception Symfony\Component\HttpKernel\Exception\NotFoundHttpException: "No route found for "GET /img/glyphicons-halflings.png"" at /var/www/clients/client1/web3/app/cache/prod/classes.php line 3680 [] []
[2014-02-04 09:55:23] request.ERROR: Uncaught PHP Exception Symfony\Component\HttpKernel\Exception\NotFoundHttpException: "No route found for "GET /img/glyphicons-halflings.png"" at /var/www/clients/client1/web3/app/cache/prod/classes.php line 3680 [] []
[2014-02-04 09:55:24] request.ERROR: Uncaught PHP Exception Symfony\Component\HttpKernel\Exception\NotFoundHttpException: "No route found for "GET /img/glyphicons-halflings.png"" at /var/www/clients/client1/web3/app/cache/prod/classes.php line 3680 [] []
[2014-02-04 09:55:27] request.ERROR: Uncaught PHP Exception Symfony\Component\HttpKernel\Exception\NotFoundHttpException: "No route found for "GET /img/glyphicons-halflings.png"" at /var/www/clients/client1/web3/app/cache/prod/classes.php line 3680 [] []
[2014-02-04 09:55:30] request.ERROR: Uncaught PHP Exception Symfony\Component\HttpKernel\Exception\NotFoundHttpException: "No route found for "GET /img/glyphicons-halflings.png"" at /var/www/clients/client1/web3/app/cache/prod/classes.php line 3680 [] []
[2014-02-04 09:58:01] request.ERROR: Uncaught PHP Exception Symfony\Component\HttpKernel\Exception\NotFoundHttpException: "No route found for "GET /img/glyphicons-halflings.png"" at /var/www/clients/client1/web3/app/cache/prod/classes.php line 3680 [] []
[2014-02-04 09:58:05] request.ERROR: Uncaught PHP Exception Symfony\Component\HttpKernel\Exception\NotFoundHttpException: "No route found for "GET /img/glyphicons-halflings.png"" at /var/www/clients/client1/web3/app/cache/prod/classes.php line 3680 [] []
[2014-02-04 09:58:10] request.ERROR: Uncaught PHP Exception Symfony\Component\HttpKernel\Exception\NotFoundHttpException: "No route found for "GET /img/glyphicons-halflings.png"" at /var/www/clients/client1/web3/app/cache/prod/classes.php line 3680 [] []
[2014-02-04 09:58:12] request.ERROR: Uncaught PHP Exception Symfony\Component\HttpKernel\Exception\NotFoundHttpException: "No route found for "GET /img/glyphicons-halflings.png"" at /var/www/clients/client1/web3/app/cache/prod/classes.php line 3680 [] []
[2014-02-04 09:58:17] request.ERROR: Uncaught PHP Exception Symfony\Component\HttpKernel\Exception\NotFoundHttpException: "No route found for "GET /img/glyphicons-halflings.png"" at /var/www/clients/client1/web3/app/cache/prod/classes.php line 3680 [] []
[2014-02-04 09:58:20] request.ERROR: Uncaught PHP Exception Symfony\Component\HttpKernel\Exception\NotFoundHttpException: "No route found for "GET /img/glyphicons-halflings.png"" at /var/www/clients/client1/web3/app/cache/prod/classes.php line 3680 [] []
[2014-02-04 09:58:46] request.ERROR: Uncaught PHP Exception Symfony\Component\HttpKernel\Exception\NotFoundHttpException: "No route found for "GET /img/glyphicons-halflings.png"" at /var/www/clients/client1/web3/app/cache/prod/classes.php line 3680 [] []
[2014-02-04 09:59:31] request.ERROR: Uncaught PHP Exception Symfony\Component\HttpKernel\Exception\NotFoundHttpException: "No route found for "GET /img/glyphicons-halflings.png"" at /var/www/clients/client1/web3/app/cache/prod/classes.php line 3680 [] []
[2014-02-04 09:59:35] request.ERROR: Uncaught PHP Exception Symfony\Component\HttpKernel\Exception\NotFoundHttpException: "No route found for "GET /img/glyphicons-halflings.png"" at /var/www/clients/client1/web3/app/cache/prod/classes.php line 3680 [] []
[2014-02-04 09:59:38] request.ERROR: Uncaught PHP Exception Symfony\Component\HttpKernel\Exception\NotFoundHttpException: "No route found for "GET /img/glyphicons-halflings.png"" at /var/www/clients/client1/web3/app/cache/prod/classes.php line 3680 [] []
[2014-02-04 10:01:55] request.ERROR: Uncaught PHP Exception Symfony\Component\HttpKernel\Exception\NotFoundHttpException: "No route found for "GET /img/glyphicons-halflings.png"" at /var/www/clients/client1/web3/app/cache/prod/classes.php line 3680 [] []
[2014-02-04 10:35:45] request.ERROR: Uncaught PHP Exception Symfony\Component\HttpKernel\Exception\NotFoundHttpException: "No route found for "GET /browserconfig.xml"" at /var/www/clients/client1/web3/app/cache/prod/classes.php line 3680 [] []
[2014-02-04 11:04:37] request.ERROR: Uncaught PHP Exception Symfony\Component\HttpKernel\Exception\NotFoundHttpException: "No route found for "GET /browserconfig.xml"" at /var/www/clients/client1/web3/app/cache/prod/classes.php line 3680 [] []
[2014-02-04 11:09:11] request.ERROR: Uncaught PHP Exception Symfony\Component\HttpKernel\Exception\NotFoundHttpException: "No route found for "GET /browserconfig.xml"" at /var/www/clients/client1/web3/app/cache/prod/classes.php line 3680 [] []
[2014-02-04 12:30:57] request.ERROR: Uncaught PHP Exception Symfony\Component\HttpKernel\Exception\NotFoundHttpException: "No route found for "GET /docs/invoices/2014-5-fr.pdf"" at /var/www/clients/client1/web3/app/cache/prod/classes.php line 3680 [] []
